::1 - - [28/Jun/2020:12:17:39 +0000] "GET / HTTP/1.1" 304 - "-" "Mozilla/5.0 (Windows NT 10.0; Win64; x64) AppleWebKit/537.36 (KHTML, like Gecko) Chrome/83.0.4103.116 Safari/537.36"
::1 - - [28/Jun/2020:12:17:39 +0000] "GET /css/style.css HTTP/1.1" 304 - "http://localhost:3000/" "Mozilla/5.0 (Windows NT 10.0; Win64; x64) AppleWebKit/537.36 (KHTML, like Gecko) Chrome/83.0.4103.116 Safari/537.36"
::1 - - [28/Jun/2020:12:17:39 +0000] "GET /register.png HTTP/1.1" 304 - "http://localhost:3000/" "Mozilla/5.0 (Windows NT 10.0; Win64; x64) AppleWebKit/537.36 (KHTML, like Gecko) Chrome/83.0.4103.116 Safari/537.36"
::1 - - [28/Jun/2020:12:17:40 +0000] "GET / HTTP/1.1" 304 - "-" "Mozilla/5.0 (Windows NT 10.0; Win64; x64) AppleWebKit/537.36 (KHTML, like Gecko) Chrome/83.0.4103.116 Safari/537.36"
::1 - - [28/Jun/2020:12:18:22 +0000] "POST /register HTTP/1.1" 200 50 "http://localhost:3000/" "Mozilla/5.0 (Windows NT 10.0; Win64; x64) AppleWebKit/537.36 (KHTML, like Gecko) Chrome/83.0.4103.116 Safari/537.36"
::1 - - [28/Jun/2020:12:18:23 +0000] "GET /register HTTP/1.1" 404 147 "-" "Mozilla/5.0 (Windows NT 10.0; Win64; x64) AppleWebKit/537.36 (KHTML, like Gecko) Chrome/83.0.4103.116 Safari/537.36"
::1 - - [28/Jun/2020:12:18:30 +0000] "GET /login HTTP/1.1" 304 - "-" "Mozilla/5.0 (Windows NT 10.0; Win64; x64) AppleWebKit/537.36 (KHTML, like Gecko) Chrome/83.0.4103.116 Safari/537.36"
::1 - - [28/Jun/2020:12:18:30 +0000] "GET /css/style.css HTTP/1.1" 304 - "http://localhost:3000/login" "Mozilla/5.0 (Windows NT 10.0; Win64; x64) AppleWebKit/537.36 (KHTML, like Gecko) Chrome/83.0.4103.116 Safari/537.36"
::1 - - [28/Jun/2020:12:18:30 +0000] "GET /login.png HTTP/1.1" 304 - "http://localhost:3000/login" "Mozilla/5.0 (Windows NT 10.0; Win64; x64) AppleWebKit/537.36 (KHTML, like Gecko) Chrome/83.0.4103.116 Safari/537.36"
::1 - - [28/Jun/2020:12:18:32 +0000] "GET /login HTTP/1.1" 304 - "-" "Mozilla/5.0 (Windows NT 10.0; Win64; x64) AppleWebKit/537.36 (KHTML, like Gecko) Chrome/83.0.4103.116 Safari/537.36"
::1 - - [28/Jun/2020:12:18:40 +0000] "POST /login HTTP/1.1" 302 52 "http://localhost:3000/login" "Mozilla/5.0 (Windows NT 10.0; Win64; x64) AppleWebKit/537.36 (KHTML, like Gecko) Chrome/83.0.4103.116 Safari/537.36"
::1 - - [28/Jun/2020:12:18:40 +0000] "GET /otp HTTP/1.1" 304 - "http://localhost:3000/login" "Mozilla/5.0 (Windows NT 10.0; Win64; x64) AppleWebKit/537.36 (KHTML, like Gecko) Chrome/83.0.4103.116 Safari/537.36"
::1 - - [28/Jun/2020:12:18:40 +0000] "GET /css/style.css HTTP/1.1" 304 - "http://localhost:3000/otp" "Mozilla/5.0 (Windows NT 10.0; Win64; x64) AppleWebKit/537.36 (KHTML, like Gecko) Chrome/83.0.4103.116 Safari/537.36"
::1 - - [28/Jun/2020:12:18:40 +0000] "GET /auth.png HTTP/1.1" 304 - "http://localhost:3000/otp" "Mozilla/5.0 (Windows NT 10.0; Win64; x64) AppleWebKit/537.36 (KHTML, like Gecko) Chrome/83.0.4103.116 Safari/537.36"
::1 - - [28/Jun/2020:12:18:40 +0000] "GET /otp HTTP/1.1" 304 - "-" "Mozilla/5.0 (Windows NT 10.0; Win64; x64) AppleWebKit/537.36 (KHTML, like Gecko) Chrome/83.0.4103.116 Safari/537.36"
::1 - - [28/Jun/2020:12:18:51 +0000] "POST /otp HTTP/1.1" 200 1018 "http://localhost:3000/otp" "Mozilla/5.0 (Windows NT 10.0; Win64; x64) AppleWebKit/537.36 (KHTML, like Gecko) Chrome/83.0.4103.116 Safari/537.36"
::1 - - [28/Jun/2020:12:18:51 +0000] "GET /css/style.css HTTP/1.1" 304 - "http://localhost:3000/otp" "Mozilla/5.0 (Windows NT 10.0; Win64; x64) AppleWebKit/537.36 (KHTML, like Gecko) Chrome/83.0.4103.116 Safari/537.36"
::1 - - [28/Jun/2020:12:18:51 +0000] "GET /register.png HTTP/1.1" 304 - "http://localhost:3000/otp" "Mozilla/5.0 (Windows NT 10.0; Win64; x64) AppleWebKit/537.36 (KHTML, like Gecko) Chrome/83.0.4103.116 Safari/537.36"
::1 - - [28/Jun/2020:12:18:52 +0000] "GET /otp HTTP/1.1" 200 1471 "-" "Mozilla/5.0 (Windows NT 10.0; Win64; x64) AppleWebKit/537.36 (KHTML, like Gecko) Chrome/83.0.4103.116 Safari/537.36"
::1 - avijeet [28/Jun/2020:13:02:14 +0000] "POST /login HTTP/1.1" 302 26 "-" "PostmanRuntime/7.26.1"
::1 - avijeet [28/Jun/2020:13:02:14 +0000] "GET /otp HTTP/1.1" 200 1471 "http://localhost:3000/login" "PostmanRuntime/7.26.1"
::1 - avijeet [28/Jun/2020:13:12:48 +0000] "POST /login HTTP/1.1" 302 26 "-" "PostmanRuntime/7.26.1"
::1 - avijeet [28/Jun/2020:13:12:48 +0000] "GET /otp HTTP/1.1" 200 1471 "http://localhost:3000/login" "PostmanRuntime/7.26.1"
::1 - - [31/Jul/2022:17:17:42 +0000] "GET / HTTP/1.1" 200 1901 "-" "Mozilla/5.0 (Windows NT 10.0; Win64; x64) AppleWebKit/537.36 (KHTML, like Gecko) Chrome/103.0.5060.134 Safari/537.36"
::1 - - [31/Jul/2022:17:17:42 +0000] "GET /css/style.css HTTP/1.1" 200 48 "http://localhost:3000/" "Mozilla/5.0 (Windows NT 10.0; Win64; x64) AppleWebKit/537.36 (KHTML, like Gecko) Chrome/103.0.5060.134 Safari/537.36"
::1 - - [31/Jul/2022:17:17:42 +0000] "GET /register.png HTTP/1.1" 200 27136 "http://localhost:3000/" "Mozilla/5.0 (Windows NT 10.0; Win64; x64) AppleWebKit/537.36 (KHTML, like Gecko) Chrome/103.0.5060.134 Safari/537.36"
::1 - - [31/Jul/2022:17:17:43 +0000] "GET /favicon.ico HTTP/1.1" 404 150 "http://localhost:3000/" "Mozilla/5.0 (Windows NT 10.0; Win64; x64) AppleWebKit/537.36 (KHTML, like Gecko) Chrome/103.0.5060.134 Safari/537.36"
::1 - - [31/Jul/2022:17:18:12 +0000] "POST /register HTTP/1.1" 200 49 "http://localhost:3000/" "Mozilla/5.0 (Windows NT 10.0; Win64; x64) AppleWebKit/537.36 (KHTML, like Gecko) Chrome/103.0.5060.134 Safari/537.36"
::1 - - [01/Aug/2022:17:32:03 +0000] "GET / HTTP/1.1" 304 - "-" "Mozilla/5.0 (Windows NT 10.0; Win64; x64) AppleWebKit/537.36 (KHTML, like Gecko) Chrome/103.0.5060.134 Safari/537.36"
::1 - - [01/Aug/2022:17:32:03 +0000] "GET /css/style.css HTTP/1.1" 304 - "http://localhost:3000/" "Mozilla/5.0 (Windows NT 10.0; Win64; x64) AppleWebKit/537.36 (KHTML, like Gecko) Chrome/103.0.5060.134 Safari/537.36"
::1 - - [01/Aug/2022:17:32:03 +0000] "GET /register.png HTTP/1.1" 304 - "http://localhost:3000/" "Mozilla/5.0 (Windows NT 10.0; Win64; x64) AppleWebKit/537.36 (KHTML, like Gecko) Chrome/103.0.5060.134 Safari/537.36"
::1 - - [01/Aug/2022:17:32:25 +0000] "POST /register HTTP/1.1" 200 52 "http://localhost:3000/" "Mozilla/5.0 (Windows NT 10.0; Win64; x64) AppleWebKit/537.36 (KHTML, like Gecko) Chrome/103.0.5060.134 Safari/537.36"
::1 - - [01/Aug/2022:17:41:12 +0000] "GET / HTTP/1.1" 304 - "-" "Mozilla/5.0 (Windows NT 10.0; Win64; x64) AppleWebKit/537.36 (KHTML, like Gecko) Chrome/103.0.5060.134 Safari/537.36"
::1 - - [01/Aug/2022:17:41:12 +0000] "GET /css/style.css HTTP/1.1" 304 - "http://localhost:3000/" "Mozilla/5.0 (Windows NT 10.0; Win64; x64) AppleWebKit/537.36 (KHTML, like Gecko) Chrome/103.0.5060.134 Safari/537.36"
::1 - - [01/Aug/2022:17:41:13 +0000] "GET /register.png HTTP/1.1" 304 - "http://localhost:3000/" "Mozilla/5.0 (Windows NT 10.0; Win64; x64) AppleWebKit/537.36 (KHTML, like Gecko) Chrome/103.0.5060.134 Safari/537.36"
::1 - - [01/Aug/2022:17:41:45 +0000] "POST /register HTTP/1.1" 200 51 "http://localhost:3000/" "Mozilla/5.0 (Windows NT 10.0; Win64; x64) AppleWebKit/537.36 (KHTML, like Gecko) Chrome/103.0.5060.134 Safari/537.36"
::1 - - [01/Aug/2022:17:46:18 +0000] "GET /login HTTP/1.1" 200 1271 "-" "Mozilla/5.0 (Windows NT 10.0; Win64; x64) AppleWebKit/537.36 (KHTML, like Gecko) Chrome/103.0.5060.134 Safari/537.36"
::1 - - [01/Aug/2022:17:46:18 +0000] "GET /css/style.css HTTP/1.1" 304 - "http://localhost:3000/login" "Mozilla/5.0 (Windows NT 10.0; Win64; x64) AppleWebKit/537.36 (KHTML, like Gecko) Chrome/103.0.5060.134 Safari/537.36"
::1 - - [01/Aug/2022:17:46:19 +0000] "GET /login.png HTTP/1.1" 200 24522 "http://localhost:3000/login" "Mozilla/5.0 (Windows NT 10.0; Win64; x64) AppleWebKit/537.36 (KHTML, like Gecko) Chrome/103.0.5060.134 Safari/537.36"
::1 - - [01/Aug/2022:17:46:25 +0000] "POST /login HTTP/1.1" 302 52 "http://localhost:3000/login" "Mozilla/5.0 (Windows NT 10.0; Win64; x64) AppleWebKit/537.36 (KHTML, like Gecko) Chrome/103.0.5060.134 Safari/537.36"
::1 - - [01/Aug/2022:17:46:25 +0000] "GET /otp HTTP/1.1" 200 1471 "http://localhost:3000/login" "Mozilla/5.0 (Windows NT 10.0; Win64; x64) AppleWebKit/537.36 (KHTML, like Gecko) Chrome/103.0.5060.134 Safari/537.36"
::1 - - [01/Aug/2022:17:46:25 +0000] "GET /css/style.css HTTP/1.1" 304 - "http://localhost:3000/otp" "Mozilla/5.0 (Windows NT 10.0; Win64; x64) AppleWebKit/537.36 (KHTML, like Gecko) Chrome/103.0.5060.134 Safari/537.36"
::1 - - [01/Aug/2022:17:46:25 +0000] "GET /auth.png HTTP/1.1" 200 23304 "http://localhost:3000/otp" "Mozilla/5.0 (Windows NT 10.0; Win64; x64) AppleWebKit/537.36 (KHTML, like Gecko) Chrome/103.0.5060.134 Safari/537.36"
::1 - - [01/Aug/2022:17:59:56 +0000] "GET /login HTTP/1.1" 200 1271 "-" "Mozilla/5.0 (Windows NT 10.0; Win64; x64) AppleWebKit/537.36 (KHTML, like Gecko) Chrome/103.0.5060.134 Safari/537.36"
::1 - - [01/Aug/2022:17:59:56 +0000] "GET /css/style.css HTTP/1.1" 304 - "http://localhost:3000/login" "Mozilla/5.0 (Windows NT 10.0; Win64; x64) AppleWebKit/537.36 (KHTML, like Gecko) Chrome/103.0.5060.134 Safari/537.36"
::1 - - [01/Aug/2022:17:59:56 +0000] "GET /login.png HTTP/1.1" 304 - "http://localhost:3000/login" "Mozilla/5.0 (Windows NT 10.0; Win64; x64) AppleWebKit/537.36 (KHTML, like Gecko) Chrome/103.0.5060.134 Safari/537.36"
::1 - - [01/Aug/2022:18:00:14 +0000] "POST /login HTTP/1.1" 302 52 "http://localhost:3000/login" "Mozilla/5.0 (Windows NT 10.0; Win64; x64) AppleWebKit/537.36 (KHTML, like Gecko) Chrome/103.0.5060.134 Safari/537.36"
::1 - - [01/Aug/2022:18:00:14 +0000] "GET /otp HTTP/1.1" 304 - "http://localhost:3000/login" "Mozilla/5.0 (Windows NT 10.0; Win64; x64) AppleWebKit/537.36 (KHTML, like Gecko) Chrome/103.0.5060.134 Safari/537.36"
::1 - - [01/Aug/2022:18:00:14 +0000] "GET /css/style.css HTTP/1.1" 304 - "http://localhost:3000/otp" "Mozilla/5.0 (Windows NT 10.0; Win64; x64) AppleWebKit/537.36 (KHTML, like Gecko) Chrome/103.0.5060.134 Safari/537.36"
::1 - - [01/Aug/2022:18:00:15 +0000] "GET /auth.png HTTP/1.1" 304 - "http://localhost:3000/otp" "Mozilla/5.0 (Windows NT 10.0; Win64; x64) AppleWebKit/537.36 (KHTML, like Gecko) Chrome/103.0.5060.134 Safari/537.36"
::1 - - [01/Aug/2022:18:02:32 +0000] "GET /login HTTP/1.1" 200 1271 "-" "Mozilla/5.0 (Windows NT 10.0; Win64; x64) AppleWebKit/537.36 (KHTML, like Gecko) Chrome/103.0.5060.134 Safari/537.36"
::1 - - [01/Aug/2022:18:02:32 +0000] "GET /css/style.css HTTP/1.1" 304 - "http://localhost:3000/login" "Mozilla/5.0 (Windows NT 10.0; Win64; x64) AppleWebKit/537.36 (KHTML, like Gecko) Chrome/103.0.5060.134 Safari/537.36"
::1 - - [01/Aug/2022:18:02:32 +0000] "GET /login.png HTTP/1.1" 304 - "http://localhost:3000/login" "Mozilla/5.0 (Windows NT 10.0; Win64; x64) AppleWebKit/537.36 (KHTML, like Gecko) Chrome/103.0.5060.134 Safari/537.36"
::1 - - [01/Aug/2022:18:02:47 +0000] "POST /login HTTP/1.1" 302 52 "http://localhost:3000/login" "Mozilla/5.0 (Windows NT 10.0; Win64; x64) AppleWebKit/537.36 (KHTML, like Gecko) Chrome/103.0.5060.134 Safari/537.36"
::1 - - [01/Aug/2022:18:02:47 +0000] "GET /otp HTTP/1.1" 304 - "http://localhost:3000/login" "Mozilla/5.0 (Windows NT 10.0; Win64; x64) AppleWebKit/537.36 (KHTML, like Gecko) Chrome/103.0.5060.134 Safari/537.36"
::1 - - [01/Aug/2022:18:02:48 +0000] "GET /css/style.css HTTP/1.1" 304 - "http://localhost:3000/otp" "Mozilla/5.0 (Windows NT 10.0; Win64; x64) AppleWebKit/537.36 (KHTML, like Gecko) Chrome/103.0.5060.134 Safari/537.36"
::1 - - [01/Aug/2022:18:02:48 +0000] "GET /auth.png HTTP/1.1" 304 - "http://localhost:3000/otp" "Mozilla/5.0 (Windows NT 10.0; Win64; x64) AppleWebKit/537.36 (KHTML, like Gecko) Chrome/103.0.5060.134 Safari/537.36"
::1 - - [01/Aug/2022:18:06:45 +0000] "GET /login HTTP/1.1" 200 1271 "-" "Mozilla/5.0 (Windows NT 10.0; Win64; x64) AppleWebKit/537.36 (KHTML, like Gecko) Chrome/103.0.5060.134 Safari/537.36"
::1 - - [01/Aug/2022:18:06:45 +0000] "GET /css/style.css HTTP/1.1" 304 - "http://localhost:3000/login" "Mozilla/5.0 (Windows NT 10.0; Win64; x64) AppleWebKit/537.36 (KHTML, like Gecko) Chrome/103.0.5060.134 Safari/537.36"
::1 - - [01/Aug/2022:18:06:45 +0000] "GET /login.png HTTP/1.1" 304 - "http://localhost:3000/login" "Mozilla/5.0 (Windows NT 10.0; Win64; x64) AppleWebKit/537.36 (KHTML, like Gecko) Chrome/103.0.5060.134 Safari/537.36"
::1 - - [01/Aug/2022:18:07:04 +0000] "POST /login HTTP/1.1" 302 52 "http://localhost:3000/login" "Mozilla/5.0 (Windows NT 10.0; Win64; x64) AppleWebKit/537.36 (KHTML, like Gecko) Chrome/103.0.5060.134 Safari/537.36"
::1 - - [01/Aug/2022:18:07:04 +0000] "GET /otp HTTP/1.1" 304 - "http://localhost:3000/login" "Mozilla/5.0 (Windows NT 10.0; Win64; x64) AppleWebKit/537.36 (KHTML, like Gecko) Chrome/103.0.5060.134 Safari/537.36"
::1 - - [01/Aug/2022:18:07:05 +0000] "GET /css/style.css HTTP/1.1" 304 - "http://localhost:3000/otp" "Mozilla/5.0 (Windows NT 10.0; Win64; x64) AppleWebKit/537.36 (KHTML, like Gecko) Chrome/103.0.5060.134 Safari/537.36"
::1 - - [01/Aug/2022:18:07:05 +0000] "GET /auth.png HTTP/1.1" 304 - "http://localhost:3000/otp" "Mozilla/5.0 (Windows NT 10.0; Win64; x64) AppleWebKit/537.36 (KHTML, like Gecko) Chrome/103.0.5060.134 Safari/537.36"
::1 - - [01/Aug/2022:18:12:57 +0000] "GET /login HTTP/1.1" 200 1271 "-" "Mozilla/5.0 (Windows NT 10.0; Win64; x64) AppleWebKit/537.36 (KHTML, like Gecko) Chrome/103.0.5060.134 Safari/537.36"
::1 - - [01/Aug/2022:18:12:57 +0000] "GET /css/style.css HTTP/1.1" 304 - "http://localhost:3000/login" "Mozilla/5.0 (Windows NT 10.0; Win64; x64) AppleWebKit/537.36 (KHTML, like Gecko) Chrome/103.0.5060.134 Safari/537.36"
::1 - - [01/Aug/2022:18:12:58 +0000] "GET /login.png HTTP/1.1" 304 - "http://localhost:3000/login" "Mozilla/5.0 (Windows NT 10.0; Win64; x64) AppleWebKit/537.36 (KHTML, like Gecko) Chrome/103.0.5060.134 Safari/537.36"
::1 - - [01/Aug/2022:18:13:01 +0000] "POST /login HTTP/1.1" 302 52 "http://localhost:3000/login" "Mozilla/5.0 (Windows NT 10.0; Win64; x64) AppleWebKit/537.36 (KHTML, like Gecko) Chrome/103.0.5060.134 Safari/537.36"
::1 - - [01/Aug/2022:18:13:01 +0000] "GET /otp HTTP/1.1" 304 - "http://localhost:3000/login" "Mozilla/5.0 (Windows NT 10.0; Win64; x64) AppleWebKit/537.36 (KHTML, like Gecko) Chrome/103.0.5060.134 Safari/537.36"
::1 - - [01/Aug/2022:18:13:01 +0000] "GET /css/style.css HTTP/1.1" 304 - "http://localhost:3000/otp" "Mozilla/5.0 (Windows NT 10.0; Win64; x64) AppleWebKit/537.36 (KHTML, like Gecko) Chrome/103.0.5060.134 Safari/537.36"
::1 - - [01/Aug/2022:18:13:01 +0000] "GET /auth.png HTTP/1.1" 304 - "http://localhost:3000/otp" "Mozilla/5.0 (Windows NT 10.0; Win64; x64) AppleWebKit/537.36 (KHTML, like Gecko) Chrome/103.0.5060.134 Safari/537.36"
::1 - - [08/Aug/2022:18:42:25 +0000] "GET / HTTP/1.1" 200 1901 "-" "Mozilla/5.0 (Windows NT 10.0; Win64; x64) AppleWebKit/537.36 (KHTML, like Gecko) Chrome/104.0.5112.81 Safari/537.36"
::1 - - [08/Aug/2022:18:42:25 +0000] "GET /css/style.css HTTP/1.1" 200 48 "http://localhost:3000/" "Mozilla/5.0 (Windows NT 10.0; Win64; x64) AppleWebKit/537.36 (KHTML, like Gecko) Chrome/104.0.5112.81 Safari/537.36"
::1 - - [08/Aug/2022:18:42:25 +0000] "GET /register.png HTTP/1.1" 200 27136 "http://localhost:3000/" "Mozilla/5.0 (Windows NT 10.0; Win64; x64) AppleWebKit/537.36 (KHTML, like Gecko) Chrome/104.0.5112.81 Safari/537.36"
::1 - - [08/Aug/2022:18:42:26 +0000] "GET /favicon.ico HTTP/1.1" 404 150 "http://localhost:3000/" "Mozilla/5.0 (Windows NT 10.0; Win64; x64) AppleWebKit/537.36 (KHTML, like Gecko) Chrome/104.0.5112.81 Safari/537.36"
::1 - - [08/Aug/2022:18:43:03 +0000] "POST /register HTTP/1.1" 400 76 "http://localhost:3000/" "Mozilla/5.0 (Windows NT 10.0; Win64; x64) AppleWebKit/537.36 (KHTML, like Gecko) Chrome/104.0.5112.81 Safari/537.36"
::1 - - [08/Aug/2022:18:43:27 +0000] "POST /register HTTP/1.1" 400 76 "http://localhost:3000/" "Mozilla/5.0 (Windows NT 10.0; Win64; x64) AppleWebKit/537.36 (KHTML, like Gecko) Chrome/104.0.5112.81 Safari/537.36"
::1 - - [08/Aug/2022:18:43:58 +0000] "POST /register HTTP/1.1" 400 76 "http://localhost:3000/" "Mozilla/5.0 (Windows NT 10.0; Win64; x64) AppleWebKit/537.36 (KHTML, like Gecko) Chrome/104.0.5112.81 Safari/537.36"
::1 - - [08/Aug/2022:18:46:51 +0000] "POST /register HTTP/1.1" 400 76 "http://localhost:3000/" "Mozilla/5.0 (Windows NT 10.0; Win64; x64) AppleWebKit/537.36 (KHTML, like Gecko) Chrome/104.0.5112.81 Safari/537.36"
::1 - - [08/Aug/2022:18:49:25 +0000] "POST /register HTTP/1.1" 200 49 "http://localhost:3000/" "Mozilla/5.0 (Windows NT 10.0; Win64; x64) AppleWebKit/537.36 (KHTML, like Gecko) Chrome/104.0.5112.81 Safari/537.36"
::1 - - [08/Aug/2022:18:53:24 +0000] "GET /login HTTP/1.1" 200 1271 "-" "Mozilla/5.0 (Windows NT 10.0; Win64; x64) AppleWebKit/537.36 (KHTML, like Gecko) Chrome/104.0.5112.81 Safari/537.36"
::1 - - [08/Aug/2022:18:53:24 +0000] "GET /css/style.css HTTP/1.1" 304 - "http://localhost:3000/login" "Mozilla/5.0 (Windows NT 10.0; Win64; x64) AppleWebKit/537.36 (KHTML, like Gecko) Chrome/104.0.5112.81 Safari/537.36"
::1 - - [08/Aug/2022:18:53:25 +0000] "GET /login.png HTTP/1.1" 200 24522 "http://localhost:3000/login" "Mozilla/5.0 (Windows NT 10.0; Win64; x64) AppleWebKit/537.36 (KHTML, like Gecko) Chrome/104.0.5112.81 Safari/537.36"
::1 - - [08/Aug/2022:18:53:30 +0000] "POST /login HTTP/1.1" 302 52 "http://localhost:3000/login" "Mozilla/5.0 (Windows NT 10.0; Win64; x64) AppleWebKit/537.36 (KHTML, like Gecko) Chrome/104.0.5112.81 Safari/537.36"
::1 - - [08/Aug/2022:18:53:30 +0000] "GET /otp HTTP/1.1" 200 1471 "http://localhost:3000/login" "Mozilla/5.0 (Windows NT 10.0; Win64; x64) AppleWebKit/537.36 (KHTML, like Gecko) Chrome/104.0.5112.81 Safari/537.36"
::1 - - [08/Aug/2022:18:53:30 +0000] "GET /css/style.css HTTP/1.1" 304 - "http://localhost:3000/otp" "Mozilla/5.0 (Windows NT 10.0; Win64; x64) AppleWebKit/537.36 (KHTML, like Gecko) Chrome/104.0.5112.81 Safari/537.36"
::1 - - [08/Aug/2022:18:53:30 +0000] "GET /auth.png HTTP/1.1" 200 23304 "http://localhost:3000/otp" "Mozilla/5.0 (Windows NT 10.0; Win64; x64) AppleWebKit/537.36 (KHTML, like Gecko) Chrome/104.0.5112.81 Safari/537.36"
::1 - - [08/Aug/2022:18:54:50 +0000] "GET /login HTTP/1.1" 200 1271 "-" "Mozilla/5.0 (Windows NT 10.0; Win64; x64) AppleWebKit/537.36 (KHTML, like Gecko) Chrome/104.0.5112.81 Safari/537.36"
::1 - - [08/Aug/2022:18:54:51 +0000] "GET /css/style.css HTTP/1.1" 304 - "http://localhost:3000/login" "Mozilla/5.0 (Windows NT 10.0; Win64; x64) AppleWebKit/537.36 (KHTML, like Gecko) Chrome/104.0.5112.81 Safari/537.36"
::1 - - [08/Aug/2022:18:54:51 +0000] "GET /login.png HTTP/1.1" 304 - "http://localhost:3000/login" "Mozilla/5.0 (Windows NT 10.0; Win64; x64) AppleWebKit/537.36 (KHTML, like Gecko) Chrome/104.0.5112.81 Safari/537.36"
::1 - - [08/Aug/2022:18:54:57 +0000] "POST /login HTTP/1.1" 302 52 "http://localhost:3000/login" "Mozilla/5.0 (Windows NT 10.0; Win64; x64) AppleWebKit/537.36 (KHTML, like Gecko) Chrome/104.0.5112.81 Safari/537.36"
::1 - - [08/Aug/2022:18:54:57 +0000] "GET /otp HTTP/1.1" 304 - "http://localhost:3000/login" "Mozilla/5.0 (Windows NT 10.0; Win64; x64) AppleWebKit/537.36 (KHTML, like Gecko) Chrome/104.0.5112.81 Safari/537.36"
::1 - - [08/Aug/2022:18:54:57 +0000] "GET /css/style.css HTTP/1.1" 304 - "http://localhost:3000/otp" "Mozilla/5.0 (Windows NT 10.0; Win64; x64) AppleWebKit/537.36 (KHTML, like Gecko) Chrome/104.0.5112.81 Safari/537.36"
::1 - - [08/Aug/2022:18:54:57 +0000] "GET /auth.png HTTP/1.1" 304 - "http://localhost:3000/otp" "Mozilla/5.0 (Windows NT 10.0; Win64; x64) AppleWebKit/537.36 (KHTML, like Gecko) Chrome/104.0.5112.81 Safari/537.36"
::1 - - [08/Aug/2022:18:56:54 +0000] "POST /otp HTTP/1.1" 200 1018 "http://localhost:3000/otp" "Mozilla/5.0 (Windows NT 10.0; Win64; x64) AppleWebKit/537.36 (KHTML, like Gecko) Chrome/104.0.5112.81 Safari/537.36"
::1 - - [08/Aug/2022:18:56:54 +0000] "GET /register.png HTTP/1.1" 304 - "http://localhost:3000/otp" "Mozilla/5.0 (Windows NT 10.0; Win64; x64) AppleWebKit/537.36 (KHTML, like Gecko) Chrome/104.0.5112.81 Safari/537.36"
::1 - - [08/Aug/2022:18:56:54 +0000] "GET /css/style.css HTTP/1.1" 304 - "http://localhost:3000/otp" "Mozilla/5.0 (Windows NT 10.0; Win64; x64) AppleWebKit/537.36 (KHTML, like Gecko) Chrome/104.0.5112.81 Safari/537.36"
